Jets in processed event 1:
    0  1.368763229049  6.158248884165  8.958194272123
    1 -2.185037363899  5.304381519065 19.899595938953
    2  3.356356481161  2.688363832701 24.834299780297
Jets in processed event 2:
    0  1.368763229049  5.062245765386 11.671291375957
    1 -2.185037363899  2.195402724145 11.984981335865
    2  3.356356481161  1.990549201677 18.127430797858
    3  0.000000000000  2.439743189718 21.586885733205
    4  0.000000000000  5.491617283150 35.683475789230
Jets in processed event 3:
    0  1.368763229049  2.027947796317  5.067658054014
    1 -2.185037363899  4.269726177665  8.877578177015
    2  3.356356481161  2.585898400043 17.530677743076
    3  0.000000000000  5.556186730257 18.486358672452
Jets in processed event 4:
    0  1.368763229049  2.433853833263  5.268404749312
    1 -2.185037363899  0.466151187278  5.468436428680
    2  3.356356481161  1.801413996826  5.268419563961
    3  0.000000000000  3.173249645586  5.234400310721
    4  0.000000000000  6.137691415512  6.692281547744
    5 -100.000000000000  4.386931207997 10.088222346949
    6 -100.000000000000  2.860818189102  8.744628946463
    7 -100.000000000000  1.317639082195  6.731507002923
    8 -100.000000000000  0.935310305799  7.406930861194
    9 -100.000000000000  1.069110802524  7.167313321376
   10 -100.000000000000  0.209765808077  7.201786218915
   11 -100.000000000000  4.983404527368  9.620354515148
   12 -100.000000000000  0.583345874507 16.379309219082
   13 -100.000000000000  4.414656038438 22.346606706627
Jets in processed event 5:
    0  1.368763229049  5.196986483286  6.243090493273
    1 -2.185037363899  2.978980065400  9.196784795593
    2  3.356356481161  3.241976819704  6.979096157297
    3  0.000000000000  1.226811115585  6.462864692543
    4  0.000000000000  3.677592386395  7.315843825346
    5 -100.000000000000  4.226416308482  5.457367825731
    6 -100.000000000000  1.201953661302  7.177630407543
    7 -100.000000000000  2.206008788786  6.019605242232
    8 -100.000000000000  2.259566146649  6.440945668598
    9 -100.000000000000  2.432140470944  7.430365643606
   10 -100.000000000000  2.464492716682 12.328535428683
   11 -100.000000000000  4.679885555655 12.110373227636
   12 -100.000000000000  5.595666642302  9.124897616703
   13 -100.000000000000  5.952745080256  9.238774124732
   14 -100.000000000000  6.107289276675 29.291504298471
   15 -100.000000000000  3.356071354973 25.685351183520
Jets in processed event 6:
    0  1.368763229049  0.921556336941  5.127284613124
    1 -2.185037363899  2.302724590620  6.180209881137
    2  3.356356481161  2.640800696561  8.674004877721
    3  0.000000000000  4.778357855007  7.928501919976
    4  0.000000000000  5.895715281651 13.309289341301
    5 -100.000000000000  3.227821503209 15.353492840132
    6 -100.000000000000  1.095053042474 23.500899087163
Jets in processed event 7:
    0  1.368763229049  1.304486758690  6.347483849691
    1 -2.185037363899  1.831872364185 27.144214495851
    2  3.356356481161  4.729332355687 31.581446634632
Jets in processed event 8:
    0  1.368763229049  5.269671314418  5.439534509547
    1 -2.185037363899  3.083805513257  5.285436810950
    2  3.356356481161  0.636824301774  8.122849642102
    3  0.000000000000  5.156134947882  7.446456110154
    4  0.000000000000  6.188109471189  5.713347827710
    5 -100.000000000000  5.844095817243  6.208078810415
    6 -100.000000000000  2.086465643726  6.778636913758
    7 -100.000000000000  4.578048533726 10.980174705215
    8 -100.000000000000  4.377232791594 21.320957412175
    9 -100.000000000000  1.491983875397 31.505681923220
Jets in processed event 9:
    0  1.368763229049  0.590486541245  6.904645364844
    1 -2.185037363899  5.592774326871  6.336541089958
    2  3.356356481161  0.267691969109  6.257009102842
    3  0.000000000000  0.233960812634  9.434071026858
    4  0.000000000000  3.604183769471 22.893062659943
Jets in processed event 10:
    0  1.368763229049  1.798861294205  5.018540431794
    1 -2.185037363899  4.230656745550 15.760169009057
    2  3.356356481161  2.534023394754 20.248380864805
    3  0.000000000000  5.016917579045 27.383118203870
    4  0.000000000000  6.209434969671 32.854828144844
    5 -100.000000000000  2.170213818648 36.550751796522
Jets in processed event 11:
    0  1.368763229049  2.736609316044  6.101826203549
    1 -2.185037363899  2.668234886450  5.107594836856
    2  3.356356481161  3.947327967509  8.823390148605
    3  0.000000000000  0.775593900038 17.146056850987
Jets in processed event 12:
    0  1.368763229049  4.776638804304  6.175103669799
    1 -2.185037363899  0.902739458952  9.251993023058
    2  3.356356481161  3.789327484953 20.431342743406
    3  0.000000000000  3.578990810180 32.936226603133
    4  0.000000000000  0.521467097906 56.325463395663
Jets in processed event 13:
    0  1.368763229049  0.411248299838  5.198931204357
    1 -2.185037363899  1.889512627773  5.472554657688
    2  3.356356481161  1.621565650639  9.020076819658
    3  0.000000000000  2.788772429721  7.198581379062
    4  0.000000000000  4.783434353640  6.751813540836
    5 -100.000000000000  5.294875509194  7.361615221332
    6 -100.000000000000  4.544098447467  8.614812857709
    7 -100.000000000000  0.131863850847  9.941751703131
    8 -100.000000000000  1.873205058081 11.534668376348
Jets in processed event 14:
    0  1.368763229049  1.832531496712  6.101102753637
    1 -2.185037363899  0.159729571363  6.205376041544
    2  3.356356481161  2.748836001869  5.251432720304
    3  0.000000000000  0.872111392774  5.512011926086
    4  0.000000000000  4.157568387512  6.917480044760
    5  3.018461766509  5.277296221004  7.174269725307
    6  4.947217009635  5.845613687557  6.655886826523
    7  3.888382783324  2.199751372109  6.603527378165
    8  6.144429824993  1.814118965091  6.632158601841
    9  4.759493779024  4.343902693182  6.791045164753
   10  3.830455061289  5.875378054739  5.071865952108
   11  3.605444781441  3.419913612066  7.630683822836
   12  2.208435680407  4.451511240371  7.341525124523
   13  1.767080213747  2.760577095720  6.390995132294
   14  5.073607894398  3.868751559901  9.199850777772
   15  1.573889007103  3.366062751438  9.152428874023
   16  0.712399135464  5.666178375495 11.778011308951
   17  4.609307101939  2.583223133644 16.225712432934
   18  1.240634357836  3.790727357849 15.496358583634
   19  5.400830295129  4.717663724747 12.694704425478
   20  4.067810515671  5.433521905337 14.932083538981
   21  4.799681093031  0.509578123710 14.777583544986
   22  4.639527875472  0.302904345279 15.510366508999
   23  4.646557017417  1.309445396801 39.595188330705
Jets in processed event 15:
    0  1.368763229049  3.032361524445  5.320728498064
    1 -2.185037363899  3.713308454305  6.383763424308
    2  3.356356481161  1.877588484588  5.555885967851
    3  0.000000000000  2.324938512082  6.369183251677
    4  0.000000000000  2.312374051474  6.415665410738
    5  3.018461766509  2.372768866280  8.322230049331
    6  4.947217009635  6.058907842812  7.599871015353
    7  3.888382783324  5.475752277961  7.537026040191
    8  6.144429824993  2.330907765952 11.291754455247
    9  4.759493779024  5.450414390775 36.586761061432
Jets in processed event 16:
    0  1.368763229049  3.923495331334  5.029615895476
    1 -2.185037363899  1.735951040127  5.349726730371
    2  3.356356481161  4.043544891614  7.224139072588
    3  0.000000000000  3.831093445242 10.413007807677
    4  0.000000000000  4.123254645687  7.407524257090
    5  3.018461766509  0.607864127215  5.353032731510
    6  4.947217009635  3.606835908343 10.544192945153
    7  3.888382783324  5.367019122544 11.695017060260
    8  6.144429824993  1.038640839258 18.617095664885
    9  4.759493779024  3.349872953669 19.907835502664
   10  3.830455061289  0.843411981923 21.140947113613
Jets in processed event 17:
    0  1.368763229049  6.070843925669  9.552491318435
    1 -2.185037363899  0.260153736847 10.079346541010
    2  3.356356481161  6.149293797033 15.794825236679
    3  0.000000000000  2.985162282639 29.183591010193
Jets in processed event 18:
    0  1.368763229049  6.082969752762  5.604711387899
    1 -2.185037363899  3.932384588830  5.500342176715
    2  3.356356481161  1.356552485285  5.333863562343
    3  0.000000000000  3.339512719131  5.475862563624
    4  0.000000000000  2.147123342644  8.889995639070
    5  3.018461766509  2.562462727658 18.320640214155
    6  4.947217009635  5.993879059290 21.788132772688
Jets in processed event 19:
    0  1.368763229049  1.534514944374  5.779737346678
    1 -2.185037363899  5.594795878677 23.424787572020
    2  3.356356481161  2.510102339764 29.520290453305
Jets in processed event 20:
    0  1.368763229049  3.365056501286  5.646033488816
    1 -2.185037363899  2.853974284182  5.522716476222
    2  3.356356481161  2.786222608097  6.059018166559
    3  0.000000000000  0.644381587619  5.252953263630
    4  0.000000000000  1.380281872520  8.237881421499
    5  3.018461766509  1.490821611346  5.754240233581
    6  4.947217009635  0.152081524375 13.557854520273
    7  3.888382783324  5.799780315014 14.482258542657
Jets in processed event 21:
    0  1.368763229049  4.460834513379 12.198897384971
    1 -2.185037363899  3.877537821270 17.045950717867
    2  3.356356481161  0.889668788582 27.039145436226
Jets in processed event 22:
    0  1.368763229049  3.637907240592  5.582468889148
    1 -2.185037363899  1.400914390416  5.089262999565
    2  3.356356481161  5.558157064552  6.664193028460
    3  0.000000000000  1.795591659698  9.470571617478
    4  0.000000000000  1.317166771612 11.618874149382
    5  3.018461766509  6.262162828182 11.388881558236
    6  4.947217009635  2.127564837537 17.443260626047
    7  3.888382783324  4.680858413546 26.081804878151
Jets in processed event 23:
    0  1.368763229049  3.986043978766  6.493728966475
    1 -2.185037363899  3.724659189086 10.029771978286
    2  3.356356481161  1.031835205791  7.167062547519
    3  0.000000000000  4.309701191872  8.911738411312
    4  0.000000000000  5.779008841700  9.072144360796
    5  3.018461766509  0.170266928830 11.867062347126
    6  4.947217009635  2.581352175363 21.417625044668
Jets in processed event 24:
    0  1.368763229049  5.246834263002 18.803085698711
    1 -2.185037363899  2.132902371164 20.723141494700
Jets in processed event 25:
    0  1.368763229049  0.428913847513  5.493736200867
    1 -2.185037363899  4.368905494342  5.299791126773
    2  3.356356481161  2.432136470673  5.027861223623
    3  0.000000000000  1.051514957575  7.387048586401
    4  0.000000000000  3.720001275976  6.369440737989
    5  3.018461766509  0.612504081347 15.809605095895
    6  4.947217009635  5.038052577557 19.920178968927
    7  3.888382783324  2.972323163463 30.036585615742
Jets in processed event 26:
    0  1.368763229049  6.174230356391 11.353157625366
    1 -2.185037363899  1.429928212831 18.397731556989
    2  3.356356481161  0.738637708410 15.520359347161
    3  0.000000000000  3.881423259729 42.777938138097
Jets in processed event 27:
    0  1.368763229049  1.974976019314  7.007983037894
    1 -2.185037363899  5.035027308401  6.162265504363
    2  3.356356481161  1.808140638438  5.861629322052
    3  0.000000000000  0.590998445832  5.417835257080
    4  0.000000000000  4.314948148857  5.751371742994
    5  3.018461766509  6.199958125720  5.273714952871
    6  4.947217009635  3.738338959753  8.882609061246
    7  3.888382783324  0.774613087559  7.841773749468
    8  6.144429824993  0.309712234449  9.219832232675
    9  4.759493779024  1.893899608327 11.921961799912
   10  3.830455061289  2.905804817140  8.672975738516
   11  3.605444781441  0.051606796142  8.992109913898
   12  2.208435680407  3.385268948448 10.432312337937
   13  1.767080213747  0.890389493906 16.606581046061
   14  5.073607894398  5.554413571599 17.416820735438
   15  1.573889007103  3.827059716292 35.406282475885
Jets in processed event 28:
    0  1.368763229049  0.307341656515  5.622755475428
    1 -2.185037363899  3.065476660693 12.198237390503
    2  3.356356481161  6.202844751914 13.349447064977
    3  0.000000000000  2.896211126575 20.676911716602
    4  0.000000000000  5.930091433752 20.296335170640
Jets in processed event 29:
    0  1.368763229049  4.960664349373 10.977837588129
    1 -2.185037363899  1.961942739359  6.570174153935
    2  3.356356481161  0.059387708031  6.847934283826
Jets in processed event 30:
    0  1.368763229049  3.517015296055  6.702663955040
    1 -2.185037363899  2.161583592559  6.335825187254
    2  3.356356481161  0.084907730480 10.681477538398
    3  0.000000000000  1.631655714475  7.067540326451
    4  0.000000000000  5.788565246350  7.784273999945
    5  3.018461766509  1.551810262318  8.944732546443
    6  4.947217009635  2.831519557207 13.637702016776
    7  3.888382783324  6.044000891469  8.936081421089
    8  6.144429824993  5.280522754414 12.815333776216
    9  4.759493779024  5.729396993605 19.666467272346
   10  3.830455061289  5.374233509070 31.053680256988
   11  3.605444781441  2.493246383307 56.725448627610
Jets in processed event 31:
    0  1.368763229049  5.166208326113 11.432696046095
    1 -2.185037363899  1.144243196553 22.867503026366
    2  3.356356481161  3.671458385996 20.039771795113
Jets in processed event 32:
    0  1.368763229049  1.344461676613  5.412851176046
    1 -2.185037363899  0.349209885281  5.290029082006
    2  3.356356481161  5.730239988626  6.063150701635
    3  0.000000000000  3.443266350759  5.261118729171
    4  0.000000000000  5.220959289745  5.575025963139
    5  3.018461766509  3.899424347157  6.840523938415
    6  4.947217009635  4.233887641155  6.439738764260
    7  3.888382783324  1.096675706371  5.374322712634
    8  6.144429824993  4.516291636351  5.021830696298
    9  4.759493779024  4.365412854326  6.120654827326
   10  3.830455061289  1.828279560925  5.875714161668
   11  3.605444781441  0.166019964858  8.268036659040
   12  2.208435680407  3.624983802028  7.437242413411
   13  1.767080213747  0.262743844761  5.329067410935
   14  5.073607894398  1.721602636990  5.351615995093
   15  1.573889007103  0.508829602436  8.308942322809
   16  0.712399135464  2.419093823080  5.468588455623
   17  4.609307101939  5.921646953037  9.161452795242
   18  1.240634357836  4.206972808840  6.832359218717
   19  5.400830295129  6.037431299013 11.828750895058
   20  4.067810515671  1.362049407368  7.557862104165
   21  4.799681093031  6.003272488598  8.409104547104
   22  4.639527875472  1.431011663975  9.354512771308
   23  4.646557017417  4.080407149559 13.138629975887
   24  1.985795071165  2.820077182919 18.246546419915
   25  2.196789748269  0.565492329058 18.242000570317
   26  1.009447551934  3.684872523722 24.837433627517
Jets in processed event 33:
    0  1.368763229049  1.078038100188  6.559826264448
    1 -2.185037363899  3.170846339705  5.450597696618
    2  3.356356481161  1.312763422675  6.980820899709
    3  0.000000000000  1.682990467045  6.577337494606
    4  0.000000000000  2.724660851285  5.548759255896
    5  3.018461766509  0.716161854207  5.317706368415
    6  4.947217009635  1.330590691293  7.658369597014
    7  3.888382783324  2.082694426378  8.116753851581
    8  6.144429824993  4.739285654997 28.451177371552
Jets in processed event 34:
    0  1.368763229049  3.675851105564  5.737270287085
    1 -2.185037363899  5.802771024325  5.850824215690
    2  3.356356481161  0.640650046401  7.509527027988
    3  0.000000000000  3.145125462402  6.107104912749
    4  0.000000000000  2.791654918867  6.784678058054
    5  3.018461766509  4.819572328650 10.901068660373
    6  4.947217009635  4.974432679132 12.797445319048
    7  3.888382783324  5.567903013562 14.412502999768
    8  6.144429824993  0.931747756559 14.477917905860
    9  4.759493779024  1.794918320653 25.815345476946
Jets in processed event 35:
    0  1.368763229049  4.800504433906  8.192476696818
    1 -2.185037363899  0.878225254468 14.952247982527
    2  3.356356481161  5.001563391904 17.335929249043
Jets in processed event 36:
    0  1.368763229049  0.113761691906  5.426627511852
    1 -2.185037363899  5.306109969476  5.041569193534
    2  3.356356481161  1.470003704179  5.008949518235
    3  0.000000000000  5.641882763928  5.443143586414
    4  0.000000000000  6.212151793477  5.405210467009
    5  3.018461766509  4.074992493310  5.253501653413
    6  4.947217009635  1.320084071439  7.760534239761
    7  3.888382783324  5.291071208824  5.479788729906
    8  6.144429824993  0.160472350830  8.354794422267
    9  4.759493779024  3.333461353688  6.288283999929
   10  3.830455061289  3.887215418364 12.920052669586
   11  3.605444781441  2.265329481246 12.585755784542
   12  2.208435680407  1.508437105038 16.617902377489
Jets in processed event 37:
    0  1.368763229049  5.910563498778  5.357606502658
    1 -2.185037363899  5.262655926411  7.480318401379
    2  3.356356481161  4.544642093639  6.666595416263
    3  0.000000000000  5.396193859584 12.366179187734
    4  0.000000000000  1.949525195032 22.838510673705
Jets in processed event 38:
    0  1.368763229049  6.016442772314  8.478905311201
    1 -2.185037363899  1.434990184749  8.681467968084
    2  3.356356481161  0.952830765797 12.183841512993
    3  0.000000000000  3.668902007102 18.590475908540
Jets in processed event 39:
    0  1.368763229049  2.050555048461  5.571901380294
    1 -2.185037363899  3.426723437676  5.276560426229
    2  3.356356481161  4.586794366092  6.928742255972
    3  0.000000000000  2.397063275487  5.998064074040
    4  0.000000000000  0.624562358748  5.917003310157
    5  3.018461766509  4.778118201256  8.017111846174
    6  4.947217009635  5.064819126088 13.113959006379
    7  3.888382783324  0.333794782893 10.722891749552
    8  6.144429824993  6.162156741335 11.505872901326
    9  4.759493779024  2.454732589547 13.214719202432
   10  3.830455061289  3.046587671742 20.986141983030
Jets in processed event 40:
    0  1.368763229049  4.250021843720  5.969192036376
    1 -2.185037363899  4.126854760700  7.399517420449
    2  3.356356481161  0.719650884103 31.063756987248
Jets in processed event 41:
    0  1.368763229049  4.692028590238  5.034783129731
    1 -2.185037363899  3.450944988831  5.364185372443
    2  3.356356481161  2.540530378823  6.061033446877
    3  0.000000000000  2.485710605895  6.779819421379
    4  0.000000000000  3.412957131882 10.335636581773
    5  3.018461766509  2.905654368722 14.977523903381
    6  4.947217009635  5.982552569587 18.975825925261
Jets in processed event 42:
    0  1.368763229049  3.034954831264  5.103365925294
    1 -2.185037363899  5.186708747148  6.357043443639
    2  3.356356481161  2.615434458423  9.413537506288
    3  0.000000000000  5.170917881212 24.047912661738
    4  0.000000000000  1.813284703993 22.465195622758
Jets in processed event 43:
    0  1.368763229049  2.198512881515 20.213015870920
    1 -2.185037363899  5.498958202680 28.846463616788
Jets in processed event 44:
    0  1.368763229049  3.735332872165  5.192331880713
    1 -2.185037363899  1.764263939633  5.063002067579
    2  3.356356481161  4.228584217204  7.352313435068
    3  0.000000000000  0.232951085671  7.151021928139
    4  0.000000000000  1.539093728237  5.269758885692
    5  3.018461766509  4.050453028154  5.442073156315
    6  4.947217009635  2.933382852835  5.902046269570
    7  3.888382783324  0.921093547000  9.176409490672
    8  6.144429824993  5.986916458076  7.451511328492
    9  4.759493779024  3.317771312138  9.233632238609
   10  3.830455061289  2.907288660433 14.161741111171
   11  3.605444781441  1.317698730416 10.414173922647
   12  2.208435680407  0.722492811011 16.551210103784
   13  1.767080213747  5.228494949510 14.510023760764
   14  5.073607894398  0.200005643594 22.783957145242
   15  1.573889007103  2.925342782745 31.439107033953
Jets in processed event 45:
    0  1.368763229049  0.933018023072  5.618716960590
    1 -2.185037363899  4.674372134388  6.696184449079
    2  3.356356481161  2.076024324538  6.908126946084
    3  0.000000000000  0.505165701815  6.385729697658
    4  0.000000000000  1.008948935736  8.616950136007
    5  3.018461766509  0.341962887399  6.483331285584
    6  4.947217009635  2.885401136003  9.387483528733
    7  3.888382783324  0.301547478756 10.053392106599
    8  6.144429824993  5.897039684214 16.917853719421
    9  4.759493779024  3.104977449623 38.214070686818
Jets in processed event 46:
    0  1.368763229049  0.057506230898  6.400656656372
    1 -2.185037363899  5.040608465489  5.301288474708
    2  3.356356481161  4.617601682762  5.402641610455
    3  0.000000000000  3.042876681351  5.798292267788
    4  0.000000000000  3.025858003446  5.276178431117
    5  3.018461766509  0.605127440607  5.179122602860
    6  4.947217009635  1.955071083163  7.908480163991
    7  3.888382783324  1.859487726061  7.898700104453
    8  6.144429824993  1.107247520097  9.321323408822
    9  4.759493779024  3.440820457330 10.645021756121
   10  3.830455061289  5.915380832097 12.701452946157
   11  3.605444781441  2.536811602654 10.490852145626
   12  2.208435680407  5.152336287435 21.694179655815
Jets in processed event 47:
    0  1.368763229049  0.880736393389 10.798030327546
    1 -2.185037363899  3.826348632431 19.035609549027
Jets in processed event 48:
    0  1.368763229049  0.406012071269  5.710342990895
    1 -2.185037363899  2.235175126821  6.888386112457
    2  3.356356481161  4.773889873813  5.347484872966
    3  0.000000000000  5.593394133801  7.478634266756
    4  0.000000000000  4.199249809362  6.875328564301
    5  3.018461766509  1.229231303677  7.463383202798
    6  4.947217009635  1.426509118558  7.549693118269
    7  3.888382783324  0.229585725771 10.069871810245
    8  6.144429824993  2.751470848588 13.923620326066
    9  4.759493779024  2.642588074075 16.984954779112
Jets in processed event 49:
    0  1.368763229049  4.264189384341  9.266563117383
    1 -2.185037363899  4.841398549730 49.596383502827
    2  3.356356481161  1.335849181985 51.941725144418
Jets in processed event 50:
    0  1.368763229049  3.906074933926  5.706762460527
    1 -2.185037363899  5.831612843104  5.437518241502
    2  3.356356481161  3.075279787709 17.066871899320
    3  0.000000000000  0.180396289766 16.729307965549
Jets in processed event 51:
    0  1.368763229049  5.150257309930  5.234029341899
    1 -2.185037363899  5.443807903643  7.641283557076
    2  3.356356481161  0.185708789404  6.567953218490
    3  0.000000000000  2.566403061894  7.033279442563
    4  0.000000000000  3.978846606448  5.319089013107
    5  3.018461766509  1.127853545625  5.389420461569
    6  4.947217009635  5.525032614287 10.017205429141
    7  3.888382783324  1.143314993752 18.123539090679
    8  6.144429824993  3.377110615850 22.681862459964
Jets in processed event 52:
    0  1.368763229049  1.419673605999  5.624954980926
    1 -2.185037363899  1.697754803325  6.661160827395
    2  3.356356481161  0.926200562634  6.924861872031
    3  0.000000000000  1.979306994018  6.705724060502
    4  0.000000000000  4.397353815678  9.936509858073
    5  3.018461766509  4.040408687923 22.058392249070
    6  4.947217009635  0.765436255604 27.543514128703
Jets in processed event 53:
    0  1.368763229049  1.602482584413  5.557011660255
    1 -2.185037363899  4.896344505165  6.489241761517
    2  3.356356481161  3.298824014925 10.355858857997
    3  0.000000000000  0.166035288594  6.176216500939
    4  0.000000000000  4.286842698574  5.526797418400
    5  3.018461766509  5.983592764998  6.740733726425
    6  4.947217009635  4.189733265805  8.487545898860
    7  3.888382783324  3.851762722248  7.881544624278
    8  6.144429824993  0.818616794834 10.112930586531
    9  4.759493779024  1.987763885099 11.459058807135
   10  3.830455061289  4.560425076263 13.328100812109
   11  3.605444781441  0.683910870254 28.750994292779
Jets in processed event 54:
    0  1.368763229049  1.426309849183  5.395212755844
    1 -2.185037363899  2.788014136560 12.704299689091
    2  3.356356481161  5.053894005555 20.819671301774
Jets in processed event 55:
    0  1.368763229049  0.557855429552  5.453950465830
    1 -2.185037363899  2.589692321601 20.367155615816
    2  3.356356481161  5.392022689961 17.773719772788
Jets in processed event 56:
    0  1.368763229049  0.352186590362 10.738993975320
    1 -2.185037363899  5.230352209532 10.500266007910
    2  3.356356481161  2.194975988292 21.691234548333
    3  0.000000000000  5.324869828738 22.783447001245
Jets in processed event 57:
    0  1.368763229049  2.316423627513  6.978391434994
    1 -2.185037363899  2.738989514788 11.571447931573
    2  3.356356481161  6.007330697905 24.353341652954
Jets in processed event 58:
    0  1.368763229049  2.937252533995 15.229240939655
    1 -2.185037363899  3.731824537220 11.266020294778
    2  3.356356481161  0.108703441927 22.824737540886
Jets in processed event 59:
    0  1.368763229049  1.933565672707  5.421557482157
    1 -2.185037363899  5.112495158070  5.803835098518
    2  3.356356481161  2.965058536248  6.905982119465
    3  0.000000000000  3.939960478183  5.305401805682
    4  0.000000000000  1.357395195309  7.249284063730
    5  3.018461766509  1.896765676855  8.822297357119
    6  4.947217009635  0.663239702830 19.588385726901
    7  3.888382783324  3.887951807196 23.977276332026
Jets in processed event 60:
    0  1.368763229049  0.911595506055 27.230801750286
    1 -2.185037363899  4.183746295694 31.736371578643
Jets in processed event 61:
    0  1.368763229049  4.561026552722  6.433162235726
    1 -2.185037363899  5.153693634843  6.581092202542
    2  3.356356481161  3.801880282650  7.925009201868
    3  0.000000000000  6.197620149560  7.619346190027
    4  0.000000000000  3.552430484669 12.561151379181
    5  3.018461766509  1.236868019025 29.950131263822
Jets in processed event 62:
    0  1.368763229049  0.407776348235  5.316396604955
    1 -2.185037363899  2.279393095290  5.146714859665
    2  3.356356481161  5.151772512830  6.306247372115
    3  0.000000000000  5.868227108515  5.464043862708
    4  0.000000000000  0.218415226182  6.853238397580
    5  3.018461766509  0.159574884281  5.247877373752
    6  4.947217009635  3.030355726775 10.225479517598
    7  3.888382783324  0.924843678850  5.672125523510
    8  6.144429824993  4.753676541996  7.597103729152
    9  4.759493779024  4.249434975315  9.150519255917
   10  3.830455061289  5.097928771640 12.369108213547
   11  3.605444781441  0.798047570511 16.023256044559
   12  2.208435680407  1.515553363377 17.536380834894
Jets in processed event 63:
    0  1.368763229049  2.408745905592  9.723123305984
    1 -2.185037363899  2.765362623213 25.646637515990
    2  3.356356481161  5.981791957484 27.638001575432
Jets in processed event 64:
    0  1.368763229049  5.096821177775  5.007878380301
    1 -2.185037363899  5.896545384451  6.493813990599
    2  3.356356481161  2.298164411580  6.161248574470
    3  0.000000000000  5.538053667880 10.167642064949
    4  0.000000000000  0.453645496278 12.906120949110
    5  3.018461766509  2.570459708869 18.332020938838
Jets in processed event 65:
    0  1.368763229049  1.313644518827  5.774782611869
    1 -2.185037363899  5.052240337130  5.753467128913
    2  3.356356481161  3.379687962501  6.349810218897
    3  0.000000000000  4.268138293112 10.563027889437
    4  0.000000000000  3.379075862748 15.857806638769
    5  3.018461766509  0.105648069702 26.607984942882
Jets in processed event 66:
    0  1.368763229049  3.213168949225  6.119506582855
    1 -2.185037363899  2.969563665849  5.142319968448
    2  3.356356481161  0.632303249792  5.144519279005
    3  0.000000000000  3.548438944031  6.214544579532
    4  0.000000000000  5.090900038815  5.242809072382
    5  3.018461766509  1.751551394848  8.560334870697
    6  4.947217009635  3.159585598142 16.756097784539
    7  3.888382783324  5.941318671690 18.113506869682
Jets in processed event 67:
    0  1.368763229049  4.106757737904  5.839835684300
    1 -2.185037363899  5.024635157770  5.055921317999
    2  3.356356481161  4.555927522886  5.993950280798
    3  0.000000000000  4.358313529723  5.148674581880
    4  0.000000000000  5.737021213434  5.162825788905
    5  3.018461766509  2.276187604975  5.732098516184
    6  4.947217009635  6.279762068532  6.349782309705
    7  3.888382783324  5.562852660062  9.749336848268
    8  6.144429824993  4.423266160619  9.395522913726
    9  4.759493779024  2.350108711983 25.817615727704
Jets in processed event 68:
    0  1.368763229049  3.756757162738  8.838350885827
    1 -2.185037363899  3.188314260625 21.518220559062
    2  3.356356481161  0.206849083586 23.267761933689
Jets in processed event 69:
    0  1.368763229049  5.242686791247  5.658145977264
    1 -2.185037363899  0.597869665240  5.130297119654
    2  3.356356481161  2.865227740277  5.410390870901
    3  0.000000000000  4.539044321825  5.513228787078
    4  0.000000000000  2.867658175080  5.040197733060
    5  3.018461766509  0.207903949836  5.815416393611
    6  4.947217009635  1.026203663450  8.305184892031
    7  3.888382783324  3.889780075842  5.274079133990
    8  6.144429824993  3.192445717150  6.911279750025
    9  4.759493779024  5.424093566338  5.161610464538
   10  3.830455061289  0.233683280474  7.530584877152
   11  3.605444781441  6.008226475219  5.871002309196
   12  2.208435680407  2.081986790300  6.081388332164
   13  1.767080213747  0.450531655461  9.161691504771
   14  5.073607894398  1.514607058671 10.163468630770
   15  1.573889007103  2.952103972843 10.063822640822
   16  0.712399135464  3.541294507007 14.378269887533
   17  4.609307101939  3.034430616509 13.013154459571
   18  1.240634357836  5.544714675096 24.187851402058
Jets in processed event 70:
    0  1.368763229049  1.194760033661  5.370804530325
    1 -2.185037363899  1.321147435876  9.779129960395
    2  3.356356481161  4.285319155265 22.899104598376
Jets in processed event 71:
    0  1.368763229049  6.163002104319  5.191769108623
    1 -2.185037363899  5.178773563658  6.971835959674
    2  3.356356481161  2.448101376183 15.460218833039
    3  0.000000000000  1.464519840755 15.419108029711
    4  0.000000000000  4.505690957635 21.351345581941
Jets in processed event 72:
    0  1.368763229049  2.825451048228  5.063365195833
    1 -2.185037363899  1.657299563642  9.696958551514
    2  3.356356481161  2.850236072558 12.783802968970
    3  0.000000000000  5.825928888570 24.057714470508
Jets in processed event 73:
    0  1.368763229049  4.267187719587  5.263171853596
    1 -2.185037363899  3.873026376049  6.349847441470
    2  3.356356481161  3.392503739236  9.356625017790
    3  0.000000000000  0.470142214805 19.290342509758
Jets in processed event 74:
    0  1.368763229049  0.052448119962  5.511616010996
    1 -2.185037363899  2.570180063393 32.316709141677
    2  3.356356481161  5.256405365569 26.206292163305
Jets in processed event 75:
    0  1.368763229049  1.455323201998  5.608160923624
    1 -2.185037363899  5.766614326246  5.306605934937
    2  3.356356481161  5.990483582681  6.718974487693
    3  0.000000000000  3.839116271841  5.298508453745
    4  0.000000000000  2.763008517778  6.349340442482
    5  3.018461766509  3.558942773438  5.206662085750
    6  4.947217009635  3.241390391027  5.359702960961
    7  3.888382783324  1.740937314145  5.501278277335
    8  6.144429824993  3.545450598880  6.570098686191
    9  4.759493779024  5.428649262892  8.081147352881
   10  3.830455061289  0.372930607320  8.636228348056
   11  3.605444781441  5.122901833393 10.493635392758
   12  2.208435680407  0.660557113018 10.694336206276
   13  1.767080213747  2.994723971630 36.115477818160
Jets in processed event 76:
    0  1.368763229049  1.101946920191 11.434705993518
    1 -2.185037363899  3.614613049728 11.205222508069
    2  3.356356481161  0.437461606796 15.034756052726
    3  0.000000000000  4.171200806210 25.053463355535
Jets in processed event 77:
    0  1.368763229049  2.260674097697  5.009109189328
    1 -2.185037363899  1.093443526055  5.692933282043
    2  3.356356481161  0.470599776740  5.684357299736
    3  0.000000000000  5.065626440496 16.247235235759
    4  0.000000000000  3.818117524386  7.862194119350
    5  3.018461766509  1.994515432237 16.088758859217
Jets in processed event 78:
    0  1.368763229049  1.807669278727  5.075378713233
    1 -2.185037363899  4.182006531733  6.340137520753
    2  3.356356481161  5.620775272450  5.136064720116
    3  0.000000000000  2.374409663515  6.218245294201
    4  0.000000000000  5.840210852165  8.010975235163
    5  3.018461766509  1.097795135001  9.286568378993
    6  4.947217009635  2.985671914677  7.525767838913
    7  3.888382783324  2.595637010091  8.366422426597
    8  6.144429824993  4.901204617966  6.815684410648
    9  4.759493779024  2.186655673567  7.314103676666
   10  3.830455061289  5.180817743879  6.597603421447
   11  3.605444781441  2.033804689257 10.393556558640
   12  2.208435680407  2.066514994574  8.650285211376
   13  1.767080213747  1.244693902308 18.773065361333
   14  5.073607894398  4.986342720039 27.533620528996
Jets in processed event 79:
    0  1.368763229049  3.621304844584  5.442940980991
    1 -2.185037363899  0.010876455796  6.829969464955
    2  3.356356481161  3.561798513939 32.273068953140
    3  0.000000000000  0.240318234348 34.263539517759
Jets in processed event 80:
    0  1.368763229049  0.803649806054  5.011272741651
    1 -2.185037363899  0.694558981338  5.091664859856
    2  3.356356481161  1.604888320156 10.734880104945
    3  0.000000000000  3.803052303110  6.074913508254
    4  0.000000000000  3.595538914009  6.434207354040
    5  3.018461766509  2.164295287493  8.562902512432
    6  4.947217009635  5.452944466047 24.353267015986
Jets in processed event 81:
    0  1.368763229049  5.563912037383  5.276983618935
    1 -2.185037363899  2.442478402401 20.297753645398
    2  3.356356481161  5.472219679359 22.464801279033
Jets in processed event 82:
    0  1.368763229049  5.647026221929  5.308751661969
    1 -2.185037363899  5.572246921698  7.878248050291
    2  3.356356481161  5.668420216822 10.730234330742
    3  0.000000000000  4.688574833475 21.827659008696
    4  0.000000000000  2.175531753110 54.395120805766
Jets in processed event 83:
    0  1.368763229049  4.888649547636  5.293841080208
    1 -2.185037363899  2.246054798089  5.076522695829
    2  3.356356481161  5.229005268534  7.023661032208
    3  0.000000000000  1.766364127972 13.328356443416
    4  0.000000000000  4.521084083040 10.155750329027
    5  3.018461766509  4.627345568539 11.925849677794
    6  4.947217009635  2.671520495730 23.588637501999
    7  3.888382783324  0.866315458470 26.363821792817
Jets in processed event 84:
    0  1.368763229049  3.528394670346  7.576412210422
    1 -2.185037363899  4.786344242913 17.544228470737
    2  3.356356481161  1.662647917619 12.421458812357
    3  0.000000000000  0.929782012042 20.144165694877
Jets in processed event 85:
    0  1.368763229049  5.768696299904  5.491907039960
    1 -2.185037363899  0.239368493897  5.420179054082
    2  3.356356481161  3.760708101274  8.511422268856
    3  0.000000000000  1.417056207665  7.082480930349
    4  0.000000000000  3.827344625208 10.108591416024
    5  3.018461766509  3.320069674021 12.971066597497
    6  4.947217009635  6.244029282880 19.517297542002
Jets in processed event 86:
    0  1.368763229049  3.313727134019  5.709732384891
    1 -2.185037363899  2.906758653971  6.395234364796
    2  3.356356481161  4.558082813259  7.886158762102
    3  0.000000000000  5.443389454470  6.349416462196
    4  0.000000000000  1.610623528933  6.504293233277
    5  3.018461766509  1.255514912998 39.488362675885
    6  4.947217009635  4.515899965629 46.443947150723
Jets in processed event 87:
    0  1.368763229049  2.252312861956  5.533566794759
    1 -2.185037363899  3.403689774408  5.184139271086
    2  3.356356481161  3.429876667474 35.199970361364
    3  0.000000000000  0.327572743488 41.477230110262
Jets in processed event 88:
    0  1.368763229049  2.419868363653  5.133499277531
    1 -2.185037363899  2.613358829300  5.377698208816
    2  3.356356481161  1.057194913835  5.941097337280
    3  0.000000000000  1.642245272322  5.212650760230
    4  0.000000000000  6.017473303039  5.580549810388
    5  3.018461766509  3.235561271617  6.334545791937
    6  4.947217009635  0.534931142234  7.243666136334
    7  3.888382783324  3.195125140964  6.606196220684
    8  6.144429824993  4.362185951914  9.334678744181
    9  4.759493779024  1.569558992046 15.782941394275
   10  3.830455061289  1.100828560390 11.826704629253
   11  3.605444781441  6.026465286168 19.353967581150
   12  2.208435680407  3.972496661246 34.303854565858
Jets in processed event 89:
    0  1.368763229049  4.621515860234  5.670945991091
    1 -2.185037363899  1.249563607014  5.866903737626
    2  3.356356481161  4.809489520961  5.041336875716
    3  0.000000000000  5.386610579417  8.245942125359
    4  0.000000000000  0.163244859616  5.645255760070
    5  3.018461766509  4.622443463856  8.452111633835
    6  4.947217009635  3.193657850440  7.963262989647
    7  3.888382783324  0.553054081494 13.372447577575
    8  6.144429824993  2.096646029036 22.467414503177
    9  4.759493779024  2.625428884262 24.016532580483
   10  3.830455061289  5.843763366799 32.475712747944
Jets in processed event 90:
    0  1.368763229049  2.436259280060  5.651802122340
    1 -2.185037363899  2.278695049367  6.428596680870
    2  3.356356481161  1.714638307295  6.940794458141
    3  0.000000000000  3.075725076197  5.849240808781
    4  0.000000000000  5.750779153641  7.214389961955
    5  3.018461766509  0.111373912691  8.302433342456
    6  4.947217009635  3.254935215463  5.903652692997
    7  3.888382783324  4.080766068365  7.244310118818
    8  6.144429824993  5.666085257921  6.931073730391
    9  4.759493779024  0.354029683954  9.531680810731
   10  3.830455061289  2.736399259817  6.436318819666
   11  3.605444781441  2.628047046794 25.039723484128
   12  2.208435680407  5.621752640529 35.615347790952
Jets in processed event 91:
    0  1.368763229049  0.951890815255  5.897805297631
    1 -2.185037363899  3.962554112929  5.025194130605
    2  3.356356481161  3.350003293132  5.551446365404
    3  0.000000000000  1.006356937991  6.765490485454
    4  0.000000000000  1.397574938995  5.306378810073
    5  3.018461766509  5.695290154584  6.217953712548
    6  4.947217009635  4.963632749530  7.569382812686
    7  3.888382783324  3.029051991948  6.533808511265
    8  6.144429824993  4.889175727530  7.918486087917
    9  4.759493779024  1.135043198067  5.521254225825
   10  3.830455061289  0.091495693917  5.566981183447
   11  3.605444781441  1.136343737060  5.588675619440
   12  2.208435680407  1.606851991874  5.925879149191
   13  1.767080213747  2.682528323751  6.104510000373
   14  5.073607894398  4.146077828248  8.349104620683
   15  1.573889007103  4.174054478781  6.307705732572
   16  0.712399135464  4.024743025252  7.248922743788
   17  4.609307101939  6.091170642809  9.461985600583
   18  1.240634357836  3.849068056060 13.191585044583
   19  5.400830295129  4.401401656470 32.824824319506
   20  4.067810515671  0.874102573948 33.796017285412
Jets in processed event 92:
    0  1.368763229049  1.613315521993  5.253510237211
    1 -2.185037363899  1.894905568340  6.210035555775
    2  3.356356481161  5.055191426002  5.565775131430
    3  0.000000000000  0.480043688009  5.335247400042
    4  0.000000000000  2.162517474088  5.265926711873
    5  3.018461766509  5.863747385093  5.721644636984
    6  4.947217009635  1.752279533241  5.163805632220
    7  3.888382783324  4.164517142903  6.326740350725
    8  6.144429824993  1.523902599331  5.836129475961
    9  4.759493779024  4.716379309638  7.251536981875
   10  3.830455061289  5.517656676097 10.894405734253
   11  3.605444781441  1.553067695928 24.071331236507
   12  2.208435680407  5.452260222622 20.953875133669
Jets in processed event 93:
    0  1.368763229049  0.966646762855  5.129896048429
    1 -2.185037363899  1.223998677657  5.363922777293
    2  3.356356481161  3.808861333264  6.820275046082
    3  0.000000000000  4.848672724100  5.089981523902
    4  0.000000000000  0.334102432625  6.205107205688
    5  3.018461766509  5.075301489118  7.937339437070
    6  4.947217009635  6.064637183874  7.227319731681
    7  3.888382783324  5.406414583201  9.076214816351
    8  6.144429824993  5.112481512012 10.233828281236
    9  4.759493779024  1.071156884876  8.982369019860
   10  3.830455061289  1.752761389801  9.062393092945
   11  3.605444781441  2.663008368922 16.664969852660
Jets in processed event 94:
    0  1.368763229049  2.833039693061  5.137267775202
    1 -2.185037363899  5.764901460295  5.352863863169
    2  3.356356481161  1.031489146347  7.763706627841
    3  0.000000000000  0.690158828334  5.583261973445
    4  0.000000000000  5.572291339631  6.238945495579
    5  3.018461766509  4.512681309352  7.347529506638
    6  4.947217009635  1.488590729026  7.547583124058
    7  3.888382783324  2.843439072695  6.369749726024
    8  6.144429824993  2.029831581875  5.152337036635
    9  4.759493779024  3.281348974849  5.954448066637
   10  3.830455061289  0.286001479308  8.039290030317
   11  3.605444781441  0.159512963197  8.324103129194
   12  2.208435680407  0.367994296475  9.605419853096
   13  1.767080213747  5.679577863715  7.332796278963
   14  5.073607894398  4.290488632029  7.624478307130
   15  1.573889007103  0.187242313577  6.239379597562
   16  0.712399135464  0.367739859898  8.188278729694
   17  4.609307101939  2.635746046786  8.342172126142
   18  1.240634357836  4.855723445352  7.563866609237
   19  5.400830295129  4.892458273610  7.569869040962
   20  4.067810515671  0.395648193552 16.926734020426
   21  4.799681093031  0.836618802986  8.938476964265
   22  4.639527875472  3.728142989204  8.529980287152
   23  4.646557017417  2.209687614201 10.580813942358
   24  1.985795071165  3.804158360203  9.829879652728
   25  2.196789748269  3.738969007350 10.277376736628
   26  1.009447551934  4.007440103727 12.604313446403
   27  4.673485898925  2.013696849396 14.602813544140
   28  3.479159225483  1.652353366565 17.237777441714
   29  2.997779881240  3.812521531226 24.461341898888
Jets in processed event 95:
    0  1.368763229049  1.103691836674  6.708840226943
    1 -2.185037363899  3.797122887575  7.924512849662
    2  3.356356481161  6.242997400180  7.818192482068
    3  0.000000000000  0.456341523183 24.068492227966
    4  0.000000000000  5.201082665299 11.249754207634
    5  3.018461766509  3.110539633825 29.727852046443
Jets in processed event 96:
    0  1.368763229049  4.928126249606  9.981245444799
    1 -2.185037363899  6.224109896668 11.031942646048
    2  3.356356481161  4.072796124474 20.894345163505
    3  0.000000000000  1.442751313467 22.901699690017
Jets in processed event 97:
    0  1.368763229049  4.784751806435  5.277026756122
    1 -2.185037363899  1.660846464918  7.632378897895
    2  3.356356481161  2.990282352172 26.168074123848
    3  0.000000000000  4.018536802883 40.228931674494
    4  0.000000000000  0.395316516433 62.966133664953
Jets in processed event 98:
    0  1.368763229049  5.604190365689  6.387544172590
    1 -2.185037363899  6.144621630965 13.182296000816
    2  3.356356481161  2.599966277060 22.977558595380
Jets in processed event 99:
    0  1.368763229049  4.614735860053  5.209777754608
    1 -2.185037363899  2.217593709213  6.909581684392
    2  3.356356481161  3.602834315469  5.146448761759
    3  0.000000000000  3.373901851610  5.259132070437
    4  0.000000000000  1.860576013714  5.913429588948
    5  3.018461766509  3.953240803130  9.988331866975
    6  4.947217009635  5.918043607579  9.089730993382
    7  3.888382783324  3.239428624194  9.250093517984
    8  6.144429824993  2.379681293038 14.234100757478
    9  4.759493779024  0.692035865468 18.774651832763
   10  3.830455061289  5.381448480209 22.251371971655
   11  3.605444781441  2.926740749853 31.638676341002
Jets in processed event 100:
    0  1.368763229049  0.271367244010  7.681698392500
    1 -2.185037363899  2.971766750351  7.152674373907
    2  3.356356481161  3.329681957732  5.114982975669
    3  0.000000000000  2.436105378279  5.676665236518
    4  0.000000000000  4.719304396318 17.309783928192
    5  3.018461766509  2.772541683304 19.911065302629
    6  4.947217009635  2.607255933028 32.704041348404
    7  3.888382783324  6.122781232175 65.459178835436
